<?xml version="1.0" encoding="UTF-8"?>
<!-- Generated by org.testng.reporters.JUnitReportReporter -->
<testsuite skipped="0" hostname="LAPTOP-8J7CLNE1" name="TestNG.TestNG" tests="2" failures="0" timestamp="13 Sep 2018 05:37:03 GMT" time="0.025" errors="0">
  <testcase name="login" time="0.022" classname="TestNG.TestNG"/>
  <testcase name="login2" time="0.003" classname="TestNG.TestNG"/>
</testsuite> <!-- TestNG.TestNG -->
