<?xml version="1.0" encoding="UTF-8"?>
<!-- Generated by org.testng.reporters.JUnitReportReporter -->
<testsuite skipped="0" hostname="LAPTOP-8J7CLNE1" name="testproject1.TestClass" tests="2" failures="0" timestamp="13 Sep 2018 00:30:37 GMT" time="11.754" errors="0">
  <testcase name="testruns" time="11.753" classname="testproject1.TestClass"/>
  <testcase name="testrunss" time="0.001" classname="testproject1.TestClass"/>
</testsuite> <!-- testproject1.TestClass -->
